app/build/intermediates/manifest_merge_blame_file/debug/manifest-merger-blame-debug-report.txt
1<?xml version="1.0" encoding="utf-8"?>
2<manifest xmlns:android="http://schemas.android.com/apk/res/android"
3    package="com.example.gymbuddy"
4    android:versionCode="1"
5    android:versionName="1.0" >
6
7    <uses-sdk
8        android:minSdkVersion="19"
8-->src\main\AndroidManifest.xml
9        android:targetSdkVersion="30" />
9-->src\main\AndroidManifest.xml
10
11    <application
11-->src\main\AndroidManifest.xml:5:5-45:19
12        android:allowBackup="true"
12-->src\main\AndroidManifest.xml:6:9-35
13        android:appComponentFactory="androidx.core.app.CoreComponentFactory"
13-->[androidx.core:core:1.3.1] AndroidManifest.xml:24:18-86
14        android:debuggable="true"
15        android:icon="@mipmap/ic_launcher"
15-->src\main\AndroidManifest.xml:7:9-43
16        android:label="@string/app_name"
16-->src\main\AndroidManifest.xml:8:9-41
17        android:roundIcon="@mipmap/ic_launcher_round"
17-->src\main\AndroidManifest.xml:9:9-54
18        android:supportsRtl="true"
18-->src\main\AndroidManifest.xml:10:9-35
19        android:testOnly="true"
20        android:theme="@style/Theme.GymBuddy" >
20-->src\main\AndroidManifest.xml:11:9-46
21        <activity android:name="com.example.gymbuddy.SelectedRoyalFitnessClub" />
21-->src\main\AndroidManifest.xml:12:9-71
21-->src\main\AndroidManifest.xml:12:19-59
22        <activity android:name="com.example.gymbuddy.SelectedWorldClass" />
22-->src\main\AndroidManifest.xml:13:9-56
22-->src\main\AndroidManifest.xml:13:19-53
23        <activity android:name="com.example.gymbuddy.NewGym" />
23-->src\main\AndroidManifest.xml:14:9-44
23-->src\main\AndroidManifest.xml:14:19-41
24        <activity
24-->src\main\AndroidManifest.xml:15:9-23:20
25            android:name="com.example.gymbuddy.HomeActivity"
25-->src\main\AndroidManifest.xml:16:13-41
26            android:parentActivityName="com.example.gymbuddy.LoginActivity" >
26-->src\main\AndroidManifest.xml:17:13-56
27
28            <!-- The meta-data tag is required if you support API level 15 and lower -->
29            <meta-data
29-->src\main\AndroidManifest.xml:20:13-22:49
30                android:name="android.support.LoginActivity"
30-->src\main\AndroidManifest.xml:21:17-61
31                android:value=".MainActivity" />
31-->src\main\AndroidManifest.xml:22:17-46
32        </activity>
33        <activity
33-->src\main\AndroidManifest.xml:24:9-32:20
34            android:name="com.example.gymbuddy.SignUpActivity"
34-->src\main\AndroidManifest.xml:25:13-43
35            android:parentActivityName="com.example.gymbuddy.LoginActivity" >
35-->src\main\AndroidManifest.xml:26:13-56
36
37            <!-- The meta-data tag is required if you support API level 15 and lower -->
38            <meta-data
38-->src\main\AndroidManifest.xml:20:13-22:49
39                android:name="android.support.LoginActivity"
39-->src\main\AndroidManifest.xml:21:17-61
40                android:value=".LoginActivity" />
40-->src\main\AndroidManifest.xml:22:17-46
41        </activity>
42        <activity android:name="com.example.gymbuddy.LoginActivity" />
42-->src\main\AndroidManifest.xml:33:9-51
42-->src\main\AndroidManifest.xml:33:19-48
43        <activity android:name="com.example.gymbuddy.MainActivity" >
43-->src\main\AndroidManifest.xml:34:9-40:20
43-->src\main\AndroidManifest.xml:34:19-47
44            <intent-filter>
44-->src\main\AndroidManifest.xml:35:13-39:29
45                <action android:name="android.intent.action.MAIN" />
45-->src\main\AndroidManifest.xml:36:17-69
45-->src\main\AndroidManifest.xml:36:25-66
46
47                <category android:name="android.intent.category.LAUNCHER" />
47-->src\main\AndroidManifest.xml:38:17-77
47-->src\main\AndroidManifest.xml:38:27-74
48            </intent-filter>
49        </activity>
50
51        <meta-data
51-->src\main\AndroidManifest.xml:42:9-44:57
52            android:name="preloaded_fonts"
52-->src\main\AndroidManifest.xml:43:13-43
53            android:resource="@array/preloaded_fonts" />
53-->src\main\AndroidManifest.xml:44:13-54
54
55        <service
55-->[androidx.room:room-runtime:2.2.6] AndroidManifest.xml:25:9-28:40
56            android:name="androidx.room.MultiInstanceInvalidationService"
56-->[androidx.room:room-runtime:2.2.6] AndroidManifest.xml:26:13-74
57            android:directBootAware="true"
57-->[androidx.room:room-runtime:2.2.6] AndroidManifest.xml:27:13-43
58            android:exported="false" />
58-->[androidx.room:room-runtime:2.2.6] AndroidManifest.xml:28:13-37
59    </application>
60
61</manifest>